<?xml version="1.0" encoding="UTF-8"?>
<testsuite xmlns:xsi="http://www.w3.org/2001/XMLSchema-instance" xsi:noNamespaceSchemaLocation="https://maven.apache.org/surefire/maven-surefire-plugin/xsd/surefire-test-report-3.0.xsd" version="3.0" name="tacos.TacocloudApplicationTests" time="8.438" tests="1" errors="0" skipped="0" failures="0">
  <properties>
[...]
</properties>
  <testcase name="contextLoads" classname="tacos.TacocloudApplicationTests" time="0.999">
    <system-out><![CDATA[04:26:24.750 [main] INFO org.springframework.test.context.support.AnnotationConfigContextLoaderUtils -- Could not detect default configuration classes for test class [tacos.TacocloudApplicationTests]: TacocloudApplicationTests does not declare any static, non-private, non-final, nested classes annotated with @Configuration.
04:26:24.914 [main] INFO org.springframework.boot.test.context.SpringBootTestContextBootstrapper -- Found @SpringBootConfiguration tacos.TacoCloudApplication for test class tacos.TacocloudApplicationTests
04:26:25.083 [main] INFO org.springframework.boot.devtools.restart.RestartApplicationListener -- Restart disabled due to context in which it is running

  .   ____          _            __ _ _
 /\\ / ___'_ __ _ _(_)_ __  __ _ \ \ \ \
( ( )\___ | '_ | '_| | '_ \/ _` | \ \ \ \
 \\/  ___)| |_)| | | | | || (_| |  ) ) ) )
  '  |____| .__|_| |_|_| |_\__, | / / / /
 =========|_|==============|___/=/_/_/_/
 :: Spring Boot ::                (v3.2.5)

2025-06-04T04:26:25.342+09:00  INFO 2364 --- [           main] tacos.TacocloudApplicationTests          : Starting TacocloudApplicationTests using Java 23 with PID 2364 (started by 82109 in C:\Users\82109\java\SpringBoot-proj\tacocloud25-3)
2025-06-04T04:26:25.343+09:00  INFO 2364 --- [           main] tacos.TacocloudApplicationTests          : No active profile set, falling back to 1 default profile: "default"
2025-06-04T04:26:26.288+09:00  INFO 2364 --- [           main] .s.d.r.c.RepositoryConfigurationDelegate : Multiple Spring Data modules found, entering strict repository configuration mode
2025-06-04T04:26:26.290+09:00  INFO 2364 --- [           main] .s.d.r.c.RepositoryConfigurationDelegate : Bootstrapping Spring Data JDBC repositories in DEFAULT mode.
2025-06-04T04:26:26.328+09:00  INFO 2364 --- [           main] .RepositoryConfigurationExtensionSupport : Spring Data JDBC - Could not safely identify store assignment for repository candidate interface tacos.data.IngredientRepository; If you want this repository to be a JDBC repository, consider annotating your entities with one of these annotations: org.springframework.data.relational.core.mapping.Table.
2025-06-04T04:26:26.331+09:00  INFO 2364 --- [           main] .RepositoryConfigurationExtensionSupport : Spring Data JDBC - Could not safely identify store assignment for repository candidate interface tacos.data.OrderRepository; If you want this repository to be a JDBC repository, consider annotating your entities with one of these annotations: org.springframework.data.relational.core.mapping.Table.
2025-06-04T04:26:26.332+09:00  INFO 2364 --- [           main] .RepositoryConfigurationExtensionSupport : Spring Data JDBC - Could not safely identify store assignment for repository candidate interface tacos.data.UserRepository; If you want this repository to be a JDBC repository, consider annotating your entities with one of these annotations: org.springframework.data.relational.core.mapping.Table.
2025-06-04T04:26:26.333+09:00  INFO 2364 --- [           main] .s.d.r.c.RepositoryConfigurationDelegate : Finished Spring Data repository scanning in 35 ms. Found 0 JDBC repository interfaces.
2025-06-04T04:26:26.351+09:00  INFO 2364 --- [           main] .s.d.r.c.RepositoryConfigurationDelegate : Multiple Spring Data modules found, entering strict repository configuration mode
2025-06-04T04:26:26.352+09:00  INFO 2364 --- [           main] .s.d.r.c.RepositoryConfigurationDelegate : Bootstrapping Spring Data JPA repositories in DEFAULT mode.
2025-06-04T04:26:26.368+09:00  INFO 2364 --- [           main] .RepositoryConfigurationExtensionSupport : Spring Data JPA - Could not safely identify store assignment for repository candidate interface tacos.data.IngredientRepository; If you want this repository to be a JPA repository, consider annotating your entities with one of these annotations: jakarta.persistence.Entity, jakarta.persistence.MappedSuperclass (preferred), or consider extending one of the following types with your repository: org.springframework.data.jpa.repository.JpaRepository
2025-06-04T04:26:26.369+09:00  INFO 2364 --- [           main] .RepositoryConfigurationExtensionSupport : Spring Data JPA - Could not safely identify store assignment for repository candidate interface tacos.data.OrderRepository; If you want this repository to be a JPA repository, consider annotating your entities with one of these annotations: jakarta.persistence.Entity, jakarta.persistence.MappedSuperclass (preferred), or consider extending one of the following types with your repository: org.springframework.data.jpa.repository.JpaRepository
2025-06-04T04:26:26.370+09:00  INFO 2364 --- [           main] .RepositoryConfigurationExtensionSupport : Spring Data JPA - Could not safely identify store assignment for repository candidate interface tacos.data.UserRepository; If you want this repository to be a JPA repository, consider annotating your entities with one of these annotations: jakarta.persistence.Entity, jakarta.persistence.MappedSuperclass (preferred), or consider extending one of the following types with your repository: org.springframework.data.jpa.repository.JpaRepository
2025-06-04T04:26:26.370+09:00  INFO 2364 --- [           main] .s.d.r.c.RepositoryConfigurationDelegate : Finished Spring Data repository scanning in 10 ms. Found 0 JPA repository interfaces.
2025-06-04T04:26:26.407+09:00  INFO 2364 --- [           main] .s.d.r.c.RepositoryConfigurationDelegate : Multiple Spring Data modules found, entering strict repository configuration mode
2025-06-04T04:26:26.407+09:00  INFO 2364 --- [           main] .s.d.r.c.RepositoryConfigurationDelegate : Bootstrapping Spring Data MongoDB repositories in DEFAULT mode.
2025-06-04T04:26:26.439+09:00  INFO 2364 --- [           main] .s.d.r.c.RepositoryConfigurationDelegate : Finished Spring Data repository scanning in 30 ms. Found 3 MongoDB repository interfaces.
2025-06-04T04:26:27.083+09:00  INFO 2364 --- [           main] com.zaxxer.hikari.HikariDataSource       : HikariPool-1 - Starting...
2025-06-04T04:26:27.372+09:00  INFO 2364 --- [           main] com.zaxxer.hikari.pool.HikariPool        : HikariPool-1 - Added connection conn0: url=jdbc:h2:mem:testdb user=SA
2025-06-04T04:26:27.374+09:00  INFO 2364 --- [           main] com.zaxxer.hikari.HikariDataSource       : HikariPool-1 - Start completed.
2025-06-04T04:26:27.621+09:00  INFO 2364 --- [           main] o.hibernate.jpa.internal.util.LogHelper  : HHH000204: Processing PersistenceUnitInfo [name: default]
2025-06-04T04:26:27.698+09:00  INFO 2364 --- [           main] org.hibernate.Version                    : HHH000412: Hibernate ORM core version 6.4.4.Final
2025-06-04T04:26:27.735+09:00  INFO 2364 --- [           main] o.h.c.internal.RegionFactoryInitiator    : HHH000026: Second-level cache disabled
2025-06-04T04:26:28.061+09:00  INFO 2364 --- [           main] o.s.o.j.p.SpringPersistenceUnitInfo      : No LoadTimeWeaver setup: ignoring JPA class transformer
2025-06-04T04:26:28.584+09:00  INFO 2364 --- [           main] o.h.e.t.j.p.i.JtaPlatformInitiator       : HHH000489: No JTA platform available (set 'hibernate.transaction.jta.platform' to enable JTA platform integration)
2025-06-04T04:26:28.590+09:00  INFO 2364 --- [           main] j.LocalContainerEntityManagerFactoryBean : Initialized JPA EntityManagerFactory for persistence unit 'default'
2025-06-04T04:26:28.872+09:00  INFO 2364 --- [v5y.mongodb.net] org.mongodb.driver.cluster               : Adding discovered server ac-xt13mqg-shard-00-02.oa3gv5y.mongodb.net:27017 to client view of cluster
2025-06-04T04:26:28.895+09:00  INFO 2364 --- [           main] org.mongodb.driver.client                : MongoClient with metadata {"driver": {"name": "mongo-java-driver|sync|spring-boot", "version": "4.11.2"}, "os": {"type": "Windows", "name": "Windows 11", "architecture": "amd64", "version": "10.0"}, "platform": "Java/Oracle Corporation/23+37-2369"} created with settings MongoClientSettings{readPreference=primary, writeConcern=WriteConcern{w=null, wTimeout=null ms, journal=null}, retryWrites=true, retryReads=true, readConcern=ReadConcern{level=null}, credential=MongoCredential{mechanism=null, userName='atlasuser', source='admin', password=<hidden>, mechanismProperties=<hidden>}, transportSettings=null, streamFactoryFactory=null, commandListeners=[], codecRegistry=ProvidersCodecRegistry{codecProviders=[ValueCodecProvider{}, BsonValueCodecProvider{}, DBRefCodecProvider{}, DBObjectCodecProvider{}, DocumentCodecProvider{}, CollectionCodecProvider{}, IterableCodecProvider{}, MapCodecProvider{}, GeoJsonCodecProvider{}, GridFSFileCodecProvider{}, Jsr310CodecProvider{}, JsonObjectCodecProvider{}, BsonCodecProvider{}, EnumCodecProvider{}, com.mongodb.client.model.mql.ExpressionCodecProvider@603c2dee, com.mongodb.Jep395RecordCodecProvider@50d666a2, com.mongodb.KotlinCodecProvider@3f6906f4]}, loggerSettings=LoggerSettings{maxDocumentLength=1000}, clusterSettings={hosts=[127.0.0.1:27017], srvHost=cluster0.oa3gv5y.mongodb.net, srvServiceName=mongodb, mode=MULTIPLE, requiredClusterType=REPLICA_SET, requiredReplicaSetName='atlas-9wp0vi-shard-0', serverSelector='null', clusterListeners='[]', serverSelectionTimeout='30000 ms', localThreshold='15 ms'}, socketSettings=SocketSettings{connectTimeoutMS=10000, readTimeoutMS=0, receiveBufferSize=0, proxySettings=ProxySettings{host=null, port=null, username=null, password=null}}, heartbeatSocketSettings=SocketSettings{connectTimeoutMS=10000, readTimeoutMS=10000, receiveBufferSize=0, proxySettings=ProxySettings{host=null, port=null, username=null, password=null}}, connectionPoolSettings=ConnectionPoolSettings{maxSize=100, minSize=0, maxWaitTimeMS=120000, maxConnectionLifeTimeMS=0, maxConnectionIdleTimeMS=0, maintenanceInitialDelayMS=0, maintenanceFrequencyMS=60000, connectionPoolListeners=[], maxConnecting=2}, serverSettings=ServerSettings{heartbeatFrequencyMS=10000, minHeartbeatFrequencyMS=500, serverListeners='[]', serverMonitorListeners='[]'}, sslSettings=SslSettings{enabled=true, invalidHostNameAllowed=false, context=null}, applicationName='null', compressorList=[], uuidRepresentation=JAVA_LEGACY, serverApi=null, autoEncryptionSettings=null, dnsClient=null, inetAddressResolver=null, contextProvider=null}
2025-06-04T04:26:28.909+09:00  INFO 2364 --- [v5y.mongodb.net] org.mongodb.driver.cluster               : Adding discovered server ac-xt13mqg-shard-00-00.oa3gv5y.mongodb.net:27017 to client view of cluster
2025-06-04T04:26:28.913+09:00  INFO 2364 --- [v5y.mongodb.net] org.mongodb.driver.cluster               : Adding discovered server ac-xt13mqg-shard-00-01.oa3gv5y.mongodb.net:27017 to client view of cluster
2025-06-04T04:26:29.665+09:00  INFO 2364 --- [ngodb.net:27017] org.mongodb.driver.cluster               : Monitor thread successfully connected to server with description ServerDescription{address=ac-xt13mqg-shard-00-00.oa3gv5y.mongodb.net:27017, type=REPLICA_SET_SECONDARY, state=CONNECTED, ok=true, minWireVersion=0, maxWireVersion=25, maxDocumentSize=16777216, logicalSessionTimeoutMinutes=30, roundTripTimeNanos=453031700, setName='atlas-9wp0vi-shard-0', canonicalAddress=ac-xt13mqg-shard-00-00.oa3gv5y.mongodb.net:27017, hosts=[ac-xt13mqg-shard-00-00.oa3gv5y.mongodb.net:27017, ac-xt13mqg-shard-00-01.oa3gv5y.mongodb.net:27017, ac-xt13mqg-shard-00-02.oa3gv5y.mongodb.net:27017], passives=[], arbiters=[], primary='ac-xt13mqg-shard-00-01.oa3gv5y.mongodb.net:27017', tagSet=TagSet{[Tag{name='availabilityZone', value='apne2-az1'}, Tag{name='diskState', value='READY'}, Tag{name='nodeType', value='ELECTABLE'}, Tag{name='provider', value='AWS'}, Tag{name='region', value='AP_NORTHEAST_2'}, Tag{name='workloadType', value='OPERATIONAL'}]}, electionId=null, setVersion=12, topologyVersion=TopologyVersion{processId=682b5ca6c97aca4c4366eb5f, counter=4}, lastWriteDate=Wed Jun 04 04:26:29 KST 2025, lastUpdateTimeNanos=404488302418100}
2025-06-04T04:26:29.665+09:00  INFO 2364 --- [ngodb.net:27017] org.mongodb.driver.cluster               : Monitor thread successfully connected to server with description ServerDescription{address=ac-xt13mqg-shard-00-01.oa3gv5y.mongodb.net:27017, type=REPLICA_SET_PRIMARY, state=CONNECTED, ok=true, minWireVersion=0, maxWireVersion=25, maxDocumentSize=16777216, logicalSessionTimeoutMinutes=30, roundTripTimeNanos=452808000, setName='atlas-9wp0vi-shard-0', canonicalAddress=ac-xt13mqg-shard-00-01.oa3gv5y.mongodb.net:27017, hosts=[ac-xt13mqg-shard-00-00.oa3gv5y.mongodb.net:27017, ac-xt13mqg-shard-00-01.oa3gv5y.mongodb.net:27017, ac-xt13mqg-shard-00-02.oa3gv5y.mongodb.net:27017], passives=[], arbiters=[], primary='ac-xt13mqg-shard-00-01.oa3gv5y.mongodb.net:27017', tagSet=TagSet{[Tag{name='availabilityZone', value='apne2-az3'}, Tag{name='diskState', value='READY'}, Tag{name='nodeType', value='ELECTABLE'}, Tag{name='provider', value='AWS'}, Tag{name='region', value='AP_NORTHEAST_2'}, Tag{name='workloadType', value='OPERATIONAL'}]}, electionId=7fffffff00000000000000a0, setVersion=12, topologyVersion=TopologyVersion{processId=682b5f61002cf86f31705a04, counter=6}, lastWriteDate=Wed Jun 04 04:26:29 KST 2025, lastUpdateTimeNanos=404488302197900}
2025-06-04T04:26:29.665+09:00  INFO 2364 --- [ngodb.net:27017] org.mongodb.driver.cluster               : Monitor thread successfully connected to server with description ServerDescription{address=ac-xt13mqg-shard-00-02.oa3gv5y.mongodb.net:27017, type=REPLICA_SET_SECONDARY, state=CONNECTED, ok=true, minWireVersion=0, maxWireVersion=25, maxDocumentSize=16777216, logicalSessionTimeoutMinutes=30, roundTripTimeNanos=452794800, setName='atlas-9wp0vi-shard-0', canonicalAddress=ac-xt13mqg-shard-00-02.oa3gv5y.mongodb.net:27017, hosts=[ac-xt13mqg-shard-00-00.oa3gv5y.mongodb.net:27017, ac-xt13mqg-shard-00-01.oa3gv5y.mongodb.net:27017, ac-xt13mqg-shard-00-02.oa3gv5y.mongodb.net:27017], passives=[], arbiters=[], primary='ac-xt13mqg-shard-00-01.oa3gv5y.mongodb.net:27017', tagSet=TagSet{[Tag{name='availabilityZone', value='apne2-az2'}, Tag{name='diskState', value='READY'}, Tag{name='nodeType', value='ELECTABLE'}, Tag{name='provider', value='AWS'}, Tag{name='region', value='AP_NORTHEAST_2'}, Tag{name='workloadType', value='OPERATIONAL'}]}, electionId=null, setVersion=12, topologyVersion=TopologyVersion{processId=682b622cff0905cdd65638c2, counter=3}, lastWriteDate=Wed Jun 04 04:26:29 KST 2025, lastUpdateTimeNanos=404488302198000}
2025-06-04T04:26:29.672+09:00  INFO 2364 --- [ngodb.net:27017] org.mongodb.driver.cluster               : Discovered replica set primary ac-xt13mqg-shard-00-01.oa3gv5y.mongodb.net:27017 with max election id 7fffffff00000000000000a0 and max set version 12
2025-06-04T04:26:29.874+09:00  WARN 2364 --- [           main] JpaBaseConfiguration$JpaWebConfiguration : spring.jpa.open-in-view is enabled by default. Therefore, database queries may be performed during view rendering. Explicitly configure spring.jpa.open-in-view to disable this warning
2025-06-04T04:26:30.431+09:00  INFO 2364 --- [           main] o.s.s.web.DefaultSecurityFilterChain     : Will secure any request with [org.springframework.security.web.session.DisableEncodeUrlFilter@4c6fabba, org.springframework.security.web.context.request.async.WebAsyncManagerIntegrationFilter@3f2ab6ec, org.springframework.security.web.context.SecurityContextHolderFilter@c67a89, org.springframework.security.web.header.HeaderWriterFilter@786cc1df, org.springframework.web.filter.CorsFilter@1f1e15de, org.springframework.security.web.csrf.CsrfFilter@1d9bd4d6, org.springframework.security.web.authentication.logout.LogoutFilter@5bddd141, org.springframework.security.web.authentication.UsernamePasswordAuthenticationFilter@3b80bb63, org.springframework.security.web.savedrequest.RequestCacheAwareFilter@58720eb9, org.springframework.security.web.servletapi.SecurityContextHolderAwareRequestFilter@24749ad3, org.springframework.security.web.authentication.AnonymousAuthenticationFilter@2ea0161f, org.springframework.security.web.access.ExceptionTranslationFilter@6442cf3e, org.springframework.security.web.access.intercept.AuthorizationFilter@1fcf73b9]
2025-06-04T04:26:31.062+09:00  INFO 2364 --- [           main] tacos.TacocloudApplicationTests          : Started TacocloudApplicationTests in 5.995 seconds (process running for 7.128)
]]></system-out>
    <system-err><![CDATA[WARNING: A Java agent has been loaded dynamically (C:\Users\82109\.m2\repository\net\bytebuddy\byte-buddy-agent\1.14.13\byte-buddy-agent-1.14.13.jar)
WARNING: If a serviceability tool is in use, please run with -XX:+EnableDynamicAgentLoading to hide this warning
WARNING: If a serviceability tool is not in use, please run with -Djdk.instrument.traceUsage for more information
WARNING: Dynamic loading of agents will be disallowed by default in a future release
]]></system-err>
  </testcase>
</testsuite>